TFDemo/gradleBuild/outputs/logs/manifest-merger-debug-report.txt
-- Merging decision tree log ---
manifest
ADDED from AndroidStudio/TFDemo/AndroidManifest.xml:18:1-59:12
	package
		ADDED from AndroidStudio/TFDemo/AndroidManifest.xml:19:5-34
	xmlns:android
		ADDED from AndroidStudio/TFDemo/AndroidManifest.xml:18:11-69
uses-permission#android.permission.CAMERA
ADDED from AndroidStudio/TFDemo/AndroidManifest.xml:21:5-65
	android:name
		ADDED from AndroidStudio/TFDemo/AndroidManifest.xml:21:22-62
uses-feature#android.hardware.camera
ADDED from AndroidStudio/TFDemo/AndroidManifest.xml:22:5-60
	android:name
		ADDED from AndroidStudio/TFDemo/AndroidManifest.xml:22:19-57
uses-feature#android.hardware.camera.autofocus
ADDED from AndroidStudio/TFDemo/AndroidManifest.xml:23:5-70
	android:name
		ADDED from AndroidStudio/TFDemo/AndroidManifest.xml:23:19-67
uses-permission#android.permission.WRITE_EXTERNAL_STORAGE
ADDED from AndroidStudio/TFDemo/AndroidManifest.xml:24:5-80
	android:name
		ADDED from AndroidStudio/TFDemo/AndroidManifest.xml:24:22-78
uses-sdk
ADDED from AndroidStudio/TFDemo/AndroidManifest.xml:26:5-28:41
	android:targetSdkVersion
		ADDED from AndroidStudio/TFDemo/AndroidManifest.xml:28:9-38
	android:minSdkVersion
		ADDED from AndroidStudio/TFDemo/AndroidManifest.xml:27:9-35
application
ADDED from AndroidStudio/TFDemo/AndroidManifest.xml:33:5-57:19
	android:label
		ADDED from AndroidStudio/TFDemo/AndroidManifest.xml:34:9-41
	android:allowBackup
		ADDED from AndroidStudio/TFDemo/AndroidManifest.xml:33:18-44
	android:icon
		ADDED from AndroidStudio/TFDemo/AndroidManifest.xml:35:9-45
	android:theme
		ADDED from AndroidStudio/TFDemo/AndroidManifest.xml:36:9-45
activity#org.tensorflow.demo.ClassifierActivity
ADDED from AndroidStudio/TFDemo/AndroidManifest.xml:38:9-46:20
	android:screenOrientation
		ADDED from AndroidStudio/TFDemo/AndroidManifest.xml:39:19-55
	android:label
		ADDED from AndroidStudio/TFDemo/AndroidManifest.xml:40:19-71
	android:name
		ADDED from AndroidStudio/TFDemo/AndroidManifest.xml:38:19-72
intent-filter#android.intent.action.MAIN+android.intent.category.LAUNCHER+android.intent.category.abilix_launcher
ADDED from AndroidStudio/TFDemo/AndroidManifest.xml:41:13-45:29
action#android.intent.action.MAIN
ADDED from AndroidStudio/TFDemo/AndroidManifest.xml:42:17-69
	android:name
		ADDED from AndroidStudio/TFDemo/AndroidManifest.xml:42:25-66
category#android.intent.category.abilix_launcher
ADDED from AndroidStudio/TFDemo/AndroidManifest.xml:43:17-83
	android:name
		ADDED from AndroidStudio/TFDemo/AndroidManifest.xml:43:27-81
category#android.intent.category.LAUNCHER
ADDED from AndroidStudio/TFDemo/AndroidManifest.xml:44:17-77
	android:name
		ADDED from AndroidStudio/TFDemo/AndroidManifest.xml:44:27-74
activity#org.tensorflow.demo.DetectorActivity
ADDED from AndroidStudio/TFDemo/AndroidManifest.xml:48:9-56:20
	android:screenOrientation
		ADDED from AndroidStudio/TFDemo/AndroidManifest.xml:49:19-55
	android:label
		ADDED from AndroidStudio/TFDemo/AndroidManifest.xml:50:19-66
	android:name
		ADDED from AndroidStudio/TFDemo/AndroidManifest.xml:48:19-70